<?xml version="1.0" encoding="UTF-8"?>
<coverage generated="1772257709698" clover="3.2.0">
  <project timestamp="1772257709698" name="All files">
    <metrics statements="9" coveredstatements="7" conditionals="0" coveredconditionals="0" methods="3" coveredmethods="1" elements="12" coveredelements="8" complexity="0" loc="9" ncloc="9" packages="1" files="1" classes="1"/>
    <file name="app.js" path="/home/rajesh/project/micro-dash/devops-1/user-service/app.js">
      <metrics statements="9" coveredstatements="7" conditionals="0" coveredconditionals="0" methods="3" coveredmethods="1"/>
      <line num="1" count="1" type="stmt"/>
      <line num="2" count="1" type="stmt"/>
      <line num="4" count="1" type="stmt"/>
      <line num="5" count="0" type="stmt"/>
      <line num="11" count="1" type="stmt"/>
      <line num="12" count="0" type="stmt"/>
      <line num="14" count="1" type="stmt"/>
      <line num="15" count="1" type="stmt"/>
      <line num="18" count="1" type="stmt"/>
    </file>
  </project>
</coverage>
